# JRE version: OpenJDK Runtime Environment (8.0_282-b08) (build 1.8.0_282-b08)
# Java VM: OpenJDK 64-Bit Server VM (25.282-b08 mixed mode linux-amd64 compressed oops)
Heap:
 PSYoungGen      total 309760K, used 276480K [0x00000000eab00000, 0x0000000100000000, 0x0000000100000000)
  eden space 276480K, 100% used [0x00000000eab00000,0x00000000fb900000,0x00000000fb900000)
  from space 33280K, 0% used [0x00000000fdf80000,0x00000000fdf80000,0x0000000100000000)
  to   space 36352K, 99% used [0x00000000fb900000,0x00000000fdc7eee0,0x00000000fdc80000)
 ParOldGen       total 699392K, used 65336K [0x00000000c0000000, 0x00000000eab00000, 0x00000000eab00000)
  object space 699392K, 9% used [0x00000000c0000000,0x00000000c3fda078,0x00000000eab00000)
 Metaspace       used 110580K, capacity 121524K, committed 124364K, reserved 1157120K
  class space    used 16487K, capacity 17131K, committed 17612K, reserved 1048576K
GC Heap History (21 events):
Event: 1.025 GC heap before
{Heap before GC invocations=1 (full 0):
 PSYoungGen      total 305664K, used 94372K [0x00000000eab00000, 0x0000000100000000, 0x0000000100000000)
  eden space 262144K, 36% used [0x00000000eab00000,0x00000000f07290d8,0x00000000fab00000)
  from space 43520K, 0% used [0x00000000fd580000,0x00000000fd580000,0x0000000100000000)
  to   space 43520K, 0% used [0x00000000fab00000,0x00000000fab00000,0x00000000fd580000)
 ParOldGen       total 699392K, used 0K [0x00000000c0000000, 0x00000000eab00000, 0x00000000eab00000)
  object space 699392K, 0% used [0x00000000c0000000,0x00000000c0000000,0x00000000eab00000)
 Metaspace       used 20321K, capacity 21134K, committed 21248K, reserved 1067008K
  class space    used 2837K, capacity 2992K, committed 3072K, reserved 1048576K
Event: 1.036 GC heap after
Heap after GC invocations=1 (full 0):
 PSYoungGen      total 305664K, used 13004K [0x00000000eab00000, 0x0000000100000000, 0x0000000100000000)
  eden space 262144K, 0% used [0x00000000eab00000,0x00000000eab00000,0x00000000fab00000)
  from space 43520K, 29% used [0x00000000fab00000,0x00000000fb7b3070,0x00000000fd580000)
  to   space 43520K, 0% used [0x00000000fd580000,0x00000000fd580000,0x0000000100000000)
 ParOldGen       total 699392K, used 16K [0x00000000c0000000, 0x00000000eab00000, 0x00000000eab00000)
  object space 699392K, 0% used [0x00000000c0000000,0x00000000c0004000,0x00000000eab00000)
 Metaspace       used 20321K, capacity 21134K, committed 21248K, reserved 1067008K
  class space    used 2837K, capacity 2992K, committed 3072K, reserved 1048576K
}
Event: 1.036 GC heap before
{Heap before GC invocations=2 (full 1):
 PSYoungGen      total 305664K, used 13004K [0x00000000eab00000, 0x0000000100000000, 0x0000000100000000)
  eden space 262144K, 0% used [0x00000000eab00000,0x00000000eab00000,0x00000000fab00000)
  from space 43520K, 29% used [0x00000000fab00000,0x00000000fb7b3070,0x00000000fd580000)
  to   space 43520K, 0% used [0x00000000fd580000,0x00000000fd580000,0x0000000100000000)
 ParOldGen       total 699392K, used 16K [0x00000000c0000000, 0x00000000eab00000, 0x00000000eab00000)
  object space 699392K, 0% used [0x00000000c0000000,0x00000000c0004000,0x00000000eab00000)
 Metaspace       used 20321K, capacity 21134K, committed 21248K, reserved 1067008K
  class space    used 2837K, capacity 2992K, committed 3072K, reserved 1048576K
Event: 1.057 GC heap after
Heap after GC invocations=2 (full 1):
 PSYoungGen      total 305664K, used 0K [0x00000000eab00000, 0x0000000100000000, 0x0000000100000000)
  eden space 262144K, 0% used [0x00000000eab00000,0x00000000eab00000,0x00000000fab00000)
  from space 43520K, 0% used [0x00000000fab00000,0x00000000fab00000,0x00000000fd580000)
  to   space 43520K, 0% used [0x00000000fd580000,0x00000000fd580000,0x0000000100000000)
 ParOldGen       total 699392K, used 11572K [0x00000000c0000000, 0x00000000eab00000, 0x00000000eab00000)
  object space 699392K, 1% used [0x00000000c0000000,0x00000000c0b4d120,0x00000000eab00000)
 Metaspace       used 20302K, capacity 21100K, committed 21248K, reserved 1067008K
  class space    used 2829K, capacity 2977K, committed 3072K, reserved 1048576K
}
Event: 1.488 GC heap before
{Heap before GC invocations=3 (full 1):
 PSYoungGen      total 305664K, used 105036K [0x00000000eab00000, 0x0000000100000000, 0x0000000100000000)
  eden space 262144K, 40% used [0x00000000eab00000,0x00000000f1193248,0x00000000fab00000)
  from space 43520K, 0% used [0x00000000fab00000,0x00000000fab00000,0x00000000fd580000)
  to   space 43520K, 0% used [0x00000000fd580000,0x00000000fd580000,0x0000000100000000)
 ParOldGen       total 699392K, used 11572K [0x00000000c0000000, 0x00000000eab00000, 0x00000000eab00000)
  object space 699392K, 1% used [0x00000000c0000000,0x00000000c0b4d120,0x00000000eab00000)
 Metaspace       used 34054K, capacity 35359K, committed 35416K, reserved 1079296K
  class space    used 4713K, capacity 4908K, committed 4952K, reserved 1048576K
Event: 1.498 GC heap after
Heap after GC invocations=3 (full 1):
 PSYoungGen      total 305664K, used 17655K [0x00000000eab00000, 0x0000000100000000, 0x0000000100000000)
  eden space 262144K, 0% used [0x00000000eab00000,0x00000000eab00000,0x00000000fab00000)
  from space 43520K, 40% used [0x00000000fd580000,0x00000000fe6bdea0,0x0000000100000000)
  to   space 43520K, 0% used [0x00000000fab00000,0x00000000fab00000,0x00000000fd580000)
 ParOldGen       total 699392K, used 11580K [0x00000000c0000000, 0x00000000eab00000, 0x00000000eab00000)
  object space 699392K, 1% used [0x00000000c0000000,0x00000000c0b4f120,0x00000000eab00000)
 Metaspace       used 34054K, capacity 35359K, committed 35416K, reserved 1079296K
  class space    used 4713K, capacity 4908K, committed 4952K, reserved 1048576K
}
Event: 1.499 GC heap before
{Heap before GC invocations=4 (full 2):
 PSYoungGen      total 305664K, used 17655K [0x00000000eab00000, 0x0000000100000000, 0x0000000100000000)
  eden space 262144K, 0% used [0x00000000eab00000,0x00000000eab00000,0x00000000fab00000)
  from space 43520K, 40% used [0x00000000fd580000,0x00000000fe6bdea0,0x0000000100000000)
  to   space 43520K, 0% used [0x00000000fab00000,0x00000000fab00000,0x00000000fd580000)
 ParOldGen       total 699392K, used 11580K [0x00000000c0000000, 0x00000000eab00000, 0x00000000eab00000)
  object space 699392K, 1% used [0x00000000c0000000,0x00000000c0b4f120,0x00000000eab00000)
 Metaspace       used 34054K, capacity 35359K, committed 35416K, reserved 1079296K
  class space    used 4713K, capacity 4908K, committed 4952K, reserved 1048576K
Event: 1.527 GC heap after
Heap after GC invocations=4 (full 2):
 PSYoungGen      total 305664K, used 0K [0x00000000eab00000, 0x0000000100000000, 0x0000000100000000)
  eden space 262144K, 0% used [0x00000000eab00000,0x00000000eab00000,0x00000000fab00000)
  from space 43520K, 0% used [0x00000000fd580000,0x00000000fd580000,0x0000000100000000)
  to   space 43520K, 0% used [0x00000000fab00000,0x00000000fab00000,0x00000000fd580000)
 ParOldGen       total 699392K, used 19212K [0x00000000c0000000, 0x00000000eab00000, 0x00000000eab00000)
  object space 699392K, 2% used [0x00000000c0000000,0x00000000c12c3080,0x00000000eab00000)
 Metaspace       used 34051K, capacity 35353K, committed 35416K, reserved 1079296K
  class space    used 4712K, capacity 4907K, committed 4952K, reserved 1048576K
}
Event: 2.811 GC heap before
{Heap before GC invocations=5 (full 2):
 PSYoungGen      total 305664K, used 190153K [0x00000000eab00000, 0x0000000100000000, 0x0000000100000000)
  eden space 262144K, 72% used [0x00000000eab00000,0x00000000f64b2748,0x00000000fab00000)
  from space 43520K, 0% used [0x00000000fd580000,0x00000000fd580000,0x0000000100000000)
  to   space 43520K, 0% used [0x00000000fab00000,0x00000000fab00000,0x00000000fd580000)
 ParOldGen       total 699392K, used 19212K [0x00000000c0000000, 0x00000000eab00000, 0x00000000eab00000)
  object space 699392K, 2% used [0x00000000c0000000,0x00000000c12c3080,0x00000000eab00000)
 Metaspace       used 55112K, capacity 58899K, committed 59028K, reserved 1101824K
  class space    used 7238K, capacity 7585K, committed 7640K, reserved 1048576K
Event: 2.827 GC heap after
Heap after GC invocations=5 (full 2):
 PSYoungGen      total 305664K, used 25876K [0x00000000eab00000, 0x0000000100000000, 0x0000000100000000)
  eden space 262144K, 0% used [0x00000000eab00000,0x00000000eab00000,0x00000000fab00000)
  from space 43520K, 59% used [0x00000000fab00000,0x00000000fc445138,0x00000000fd580000)
  to   space 43520K, 0% used [0x00000000fd580000,0x00000000fd580000,0x0000000100000000)
 ParOldGen       total 699392K, used 19228K [0x00000000c0000000, 0x00000000eab00000, 0x00000000eab00000)
  object space 699392K, 2% used [0x00000000c0000000,0x00000000c12c7080,0x00000000eab00000)
 Metaspace       used 55112K, capacity 58899K, committed 59028K, reserved 1101824K
  class space    used 7238K, capacity 7585K, committed 7640K, reserved 1048576K
}
Event: 2.827 GC heap before
{Heap before GC invocations=6 (full 3):
 PSYoungGen      total 305664K, used 25876K [0x00000000eab00000, 0x0000000100000000, 0x0000000100000000)
  eden space 262144K, 0% used [0x00000000eab00000,0x00000000eab00000,0x00000000fab00000)
  from space 43520K, 59% used [0x00000000fab00000,0x00000000fc445138,0x00000000fd580000)
  to   space 43520K, 0% used [0x00000000fd580000,0x00000000fd580000,0x0000000100000000)
 ParOldGen       total 699392K, used 19228K [0x00000000c0000000, 0x00000000eab00000, 0x00000000eab00000)
  object space 699392K, 2% used [0x00000000c0000000,0x00000000c12c7080,0x00000000eab00000)
 Metaspace       used 55112K, capacity 58899K, committed 59028K, reserved 1101824K
  class space    used 7238K, capacity 7585K, committed 7640K, reserved 1048576K
Event: 2.930 GC heap after
Heap after GC invocations=6 (full 3):
 PSYoungGen      total 305664K, used 0K [0x00000000eab00000, 0x0000000100000000, 0x0000000100000000)
  eden space 262144K, 0% used [0x00000000eab00000,0x00000000eab00000,0x00000000fab00000)
  from space 43520K, 0% used [0x00000000fab00000,0x00000000fab00000,0x00000000fd580000)
  to   space 43520K, 0% used [0x00000000fd580000,0x00000000fd580000,0x0000000100000000)
 ParOldGen       total 699392K, used 35918K [0x00000000c0000000, 0x00000000eab00000, 0x00000000eab00000)
  object space 699392K, 5% used [0x00000000c0000000,0x00000000c2313b08,0x00000000eab00000)
 Metaspace       used 55109K, capacity 58893K, committed 59028K, reserved 1101824K
  class space    used 7237K, capacity 7584K, committed 7640K, reserved 1048576K
}
Event: 4.033 GC heap before
{Heap before GC invocations=7 (full 3):
 PSYoungGen      total 305664K, used 262144K [0x00000000eab00000, 0x0000000100000000, 0x0000000100000000)
  eden space 262144K, 100% used [0x00000000eab00000,0x00000000fab00000,0x00000000fab00000)
  from space 43520K, 0% used [0x00000000fab00000,0x00000000fab00000,0x00000000fd580000)
  to   space 43520K, 0% used [0x00000000fd580000,0x00000000fd580000,0x0000000100000000)
 ParOldGen       total 699392K, used 35918K [0x00000000c0000000, 0x00000000eab00000, 0x00000000eab00000)
  object space 699392K, 5% used [0x00000000c0000000,0x00000000c2313b58,0x00000000eab00000)
 Metaspace       used 70537K, capacity 79832K, committed 79960K, reserved 1118208K
  class space    used 9982K, capacity 10476K, committed 10584K, reserved 1048576K
Event: 4.044 GC heap after
Heap after GC invocations=7 (full 3):
 PSYoungGen      total 305664K, used 16086K [0x00000000eab00000, 0x0000000100000000, 0x0000000100000000)
  eden space 262144K, 0% used [0x00000000eab00000,0x00000000eab00000,0x00000000fab00000)
  from space 43520K, 36% used [0x00000000fd580000,0x00000000fe535a40,0x0000000100000000)
  to   space 43520K, 0% used [0x00000000fab00000,0x00000000fab00000,0x00000000fd580000)
 ParOldGen       total 699392K, used 35942K [0x00000000c0000000, 0x00000000eab00000, 0x00000000eab00000)
  object space 699392K, 5% used [0x00000000c0000000,0x00000000c2319b58,0x00000000eab00000)
 Metaspace       used 70537K, capacity 79832K, committed 79960K, reserved 1118208K
  class space    used 9982K, capacity 10476K, committed 10584K, reserved 1048576K
}
Event: 5.377 GC heap before
{Heap before GC invocations=8 (full 3):
 PSYoungGen      total 305664K, used 278230K [0x00000000eab00000, 0x0000000100000000, 0x0000000100000000)
  eden space 262144K, 100% used [0x00000000eab00000,0x00000000fab00000,0x00000000fab00000)
  from space 43520K, 36% used [0x00000000fd580000,0x00000000fe535a40,0x0000000100000000)
  to   space 43520K, 0% used [0x00000000fab00000,0x00000000fab00000,0x00000000fd580000)
 ParOldGen       total 699392K, used 35944K [0x00000000c0000000, 0x00000000eab00000, 0x00000000eab00000)
  object space 699392K, 5% used [0x00000000c0000000,0x00000000c231a2d0,0x00000000eab00000)
 Metaspace       used 79421K, capacity 90510K, committed 90840K, reserved 1128448K
  class space    used 12041K, capacity 12655K, committed 12760K, reserved 1048576K
Event: 5.391 GC heap after
Heap after GC invocations=8 (full 3):
 PSYoungGen      total 305664K, used 29745K [0x00000000eab00000, 0x0000000100000000, 0x0000000100000000)
  eden space 262144K, 0% used [0x00000000eab00000,0x00000000eab00000,0x00000000fab00000)
  from space 43520K, 68% used [0x00000000fab00000,0x00000000fc80c6d0,0x00000000fd580000)
  to   space 33280K, 0% used [0x00000000fdf80000,0x00000000fdf80000,0x0000000100000000)
 ParOldGen       total 699392K, used 35960K [0x00000000c0000000, 0x00000000eab00000, 0x00000000eab00000)
  object space 699392K, 5% used [0x00000000c0000000,0x00000000c231e2d0,0x00000000eab00000)
 Metaspace       used 79421K, capacity 90510K, committed 90840K, reserved 1128448K
  class space    used 12041K, capacity 12655K, committed 12760K, reserved 1048576K
}
Event: 6.048 GC heap before
{Heap before GC invocations=9 (full 3):
 PSYoungGen      total 305664K, used 137268K [0x00000000eab00000, 0x0000000100000000, 0x0000000100000000)
  eden space 262144K, 41% used [0x00000000eab00000,0x00000000f1400a98,0x00000000fab00000)
  from space 43520K, 68% used [0x00000000fab00000,0x00000000fc80c6d0,0x00000000fd580000)
  to   space 33280K, 0% used [0x00000000fdf80000,0x00000000fdf80000,0x0000000100000000)
 ParOldGen       total 699392K, used 35960K [0x00000000c0000000, 0x00000000eab00000, 0x00000000eab00000)
  object space 699392K, 5% used [0x00000000c0000000,0x00000000c231e2d0,0x00000000eab00000)
 Metaspace       used 86089K, capacity 98254K, committed 98380K, reserved 1134592K
  class space    used 12837K, capacity 13542K, committed 13644K, reserved 1048576K
Event: 6.062 GC heap after
Heap after GC invocations=9 (full 3):
 PSYoungGen      total 309760K, used 29434K [0x00000000eab00000, 0x0000000100000000, 0x0000000100000000)
  eden space 276480K, 0% used [0x00000000eab00000,0x00000000eab00000,0x00000000fb900000)
  from space 33280K, 88% used [0x00000000fdf80000,0x00000000ffc3e818,0x0000000100000000)
  to   space 36352K, 0% used [0x00000000fb900000,0x00000000fb900000,0x00000000fdc80000)
 ParOldGen       total 699392K, used 35968K [0x00000000c0000000, 0x00000000eab00000, 0x00000000eab00000)
  object space 699392K, 5% used [0x00000000c0000000,0x00000000c23202d0,0x00000000eab00000)
 Metaspace       used 86089K, capacity 98254K, committed 98380K, reserved 1134592K
  class space    used 12837K, capacity 13542K, committed 13644K, reserved 1048576K
}
Event: 6.062 GC heap before
{Heap before GC invocations=10 (full 4):
 PSYoungGen      total 309760K, used 29434K [0x00000000eab00000, 0x0000000100000000, 0x0000000100000000)
  eden space 276480K, 0% used [0x00000000eab00000,0x00000000eab00000,0x00000000fb900000)
  from space 33280K, 88% used [0x00000000fdf80000,0x00000000ffc3e818,0x0000000100000000)
  to   space 36352K, 0% used [0x00000000fb900000,0x00000000fb900000,0x00000000fdc80000)
 ParOldGen       total 699392K, used 35968K [0x00000000c0000000, 0x00000000eab00000, 0x00000000eab00000)
  object space 699392K, 5% used [0x00000000c0000000,0x00000000c23202d0,0x00000000eab00000)
 Metaspace       used 86089K, capacity 98254K, committed 98380K, reserved 1134592K
  class space    used 12837K, capacity 13542K, committed 13644K, reserved 1048576K
Event: 6.137 GC heap after
Heap after GC invocations=10 (full 4):
 PSYoungGen      total 309760K, used 0K [0x00000000eab00000, 0x0000000100000000, 0x0000000100000000)
  eden space 276480K, 0% used [0x00000000eab00000,0x00000000eab00000,0x00000000fb900000)
  from space 33280K, 0% used [0x00000000fdf80000,0x00000000fdf80000,0x0000000100000000)
  to   space 36352K, 0% used [0x00000000fb900000,0x00000000fb900000,0x00000000fdc80000)
 ParOldGen       total 699392K, used 45483K [0x00000000c0000000, 0x00000000eab00000, 0x00000000eab00000)
  object space 699392K, 6% used [0x00000000c0000000,0x00000000c2c6af98,0x00000000eab00000)
 Metaspace       used 84737K, capacity 95626K, committed 98380K, reserved 1134592K
  class space    used 12431K, capacity 13070K, committed 13644K, reserved 1048576K
}
Event: 8.518 GC heap before
{Heap before GC invocations=11 (full 4):
 PSYoungGen      total 309760K, used 276480K [0x00000000eab00000, 0x0000000100000000, 0x0000000100000000)
  eden space 276480K, 100% used [0x00000000eab00000,0x00000000fb900000,0x00000000fb900000)
  from space 33280K, 0% used [0x00000000fdf80000,0x00000000fdf80000,0x0000000100000000)
  to   space 36352K, 0% used [0x00000000fb900000,0x00000000fb900000,0x00000000fdc80000)
 ParOldGen       total 699392K, used 45483K [0x00000000c0000000, 0x00000000eab00000, 0x00000000eab00000)
  object space 699392K, 6% used [0x00000000c0000000,0x00000000c2c6af98,0x00000000eab00000)
 Metaspace       used 110580K, capacity 121524K, committed 124364K, reserved 1157120K
  class space    used 16487K, capacity 17131K, committed 17612K, reserved 1048576K

