# JRE version: OpenJDK Runtime Environment (8.0_282-b08) (build 1.8.0_282-b08)
# Java VM: OpenJDK 64-Bit Server VM (25.282-b08 mixed mode linux-amd64 compressed oops)
Heap:
 PSYoungGen      total 305664K, used 195139K [0x00000000eab00000, 0x0000000100000000, 0x0000000100000000)
  eden space 262144K, 74% used [0x00000000eab00000,0x00000000f6990f10,0x00000000fab00000)
  from space 43520K, 0% used [0x00000000fd580000,0x00000000fd580000,0x0000000100000000)
  to   space 43520K, 41% used [0x00000000fab00000,0x00000000fbcd1e60,0x00000000fd580000)
 ParOldGen       total 699392K, used 14534K [0x00000000c0000000, 0x00000000eab00000, 0x00000000eab00000)
  object space 699392K, 2% used [0x00000000c0000000,0x00000000c0e31978,0x00000000eab00000)
 Metaspace       used 55108K, capacity 58897K, committed 59028K, reserved 1101824K
  class space    used 7233K, capacity 7558K, committed 7640K, reserved 1048576K
GC Heap History (9 events):
Event: 0.691 GC heap before
{Heap before GC invocations=1 (full 0):
 PSYoungGen      total 305664K, used 99615K [0x00000000eab00000, 0x0000000100000000, 0x0000000100000000)
  eden space 262144K, 38% used [0x00000000eab00000,0x00000000f0c47cc0,0x00000000fab00000)
  from space 43520K, 0% used [0x00000000fd580000,0x00000000fd580000,0x0000000100000000)
  to   space 43520K, 0% used [0x00000000fab00000,0x00000000fab00000,0x00000000fd580000)
 ParOldGen       total 699392K, used 0K [0x00000000c0000000, 0x00000000eab00000, 0x00000000eab00000)
  object space 699392K, 0% used [0x00000000c0000000,0x00000000c0000000,0x00000000eab00000)
 Metaspace       used 20244K, capacity 21062K, committed 21248K, reserved 1067008K
  class space    used 2828K, capacity 2988K, committed 3072K, reserved 1048576K
Event: 0.702 GC heap after
Heap after GC invocations=1 (full 0):
 PSYoungGen      total 305664K, used 13025K [0x00000000eab00000, 0x0000000100000000, 0x0000000100000000)
  eden space 262144K, 0% used [0x00000000eab00000,0x00000000eab00000,0x00000000fab00000)
  from space 43520K, 29% used [0x00000000fab00000,0x00000000fb7b8568,0x00000000fd580000)
  to   space 43520K, 0% used [0x00000000fd580000,0x00000000fd580000,0x0000000100000000)
 ParOldGen       total 699392K, used 16K [0x00000000c0000000, 0x00000000eab00000, 0x00000000eab00000)
  object space 699392K, 0% used [0x00000000c0000000,0x00000000c0004000,0x00000000eab00000)
 Metaspace       used 20244K, capacity 21062K, committed 21248K, reserved 1067008K
  class space    used 2828K, capacity 2988K, committed 3072K, reserved 1048576K
}
Event: 0.702 GC heap before
{Heap before GC invocations=2 (full 1):
 PSYoungGen      total 305664K, used 13025K [0x00000000eab00000, 0x0000000100000000, 0x0000000100000000)
  eden space 262144K, 0% used [0x00000000eab00000,0x00000000eab00000,0x00000000fab00000)
  from space 43520K, 29% used [0x00000000fab00000,0x00000000fb7b8568,0x00000000fd580000)
  to   space 43520K, 0% used [0x00000000fd580000,0x00000000fd580000,0x0000000100000000)
 ParOldGen       total 699392K, used 16K [0x00000000c0000000, 0x00000000eab00000, 0x00000000eab00000)
  object space 699392K, 0% used [0x00000000c0000000,0x00000000c0004000,0x00000000eab00000)
 Metaspace       used 20244K, capacity 21062K, committed 21248K, reserved 1067008K
  class space    used 2828K, capacity 2988K, committed 3072K, reserved 1048576K
Event: 0.721 GC heap after
Heap after GC invocations=2 (full 1):
 PSYoungGen      total 305664K, used 0K [0x00000000eab00000, 0x0000000100000000, 0x0000000100000000)
  eden space 262144K, 0% used [0x00000000eab00000,0x00000000eab00000,0x00000000fab00000)
  from space 43520K, 0% used [0x00000000fab00000,0x00000000fab00000,0x00000000fd580000)
  to   space 43520K, 0% used [0x00000000fd580000,0x00000000fd580000,0x0000000100000000)
 ParOldGen       total 699392K, used 11554K [0x00000000c0000000, 0x00000000eab00000, 0x00000000eab00000)
  object space 699392K, 1% used [0x00000000c0000000,0x00000000c0b489c8,0x00000000eab00000)
 Metaspace       used 20229K, capacity 21036K, committed 21248K, reserved 1067008K
  class space    used 2822K, capacity 2977K, committed 3072K, reserved 1048576K
}
Event: 1.051 GC heap before
{Heap before GC invocations=3 (full 1):
 PSYoungGen      total 305664K, used 100000K [0x00000000eab00000, 0x0000000100000000, 0x0000000100000000)
  eden space 262144K, 38% used [0x00000000eab00000,0x00000000f0ca83c0,0x00000000fab00000)
  from space 43520K, 0% used [0x00000000fab00000,0x00000000fab00000,0x00000000fd580000)
  to   space 43520K, 0% used [0x00000000fd580000,0x00000000fd580000,0x0000000100000000)
 ParOldGen       total 699392K, used 11554K [0x00000000c0000000, 0x00000000eab00000, 0x00000000eab00000)
  object space 699392K, 1% used [0x00000000c0000000,0x00000000c0b489c8,0x00000000eab00000)
 Metaspace       used 34069K, capacity 35353K, committed 35416K, reserved 1079296K
  class space    used 4710K, capacity 4907K, committed 4952K, reserved 1048576K
Event: 1.061 GC heap after
Heap after GC invocations=3 (full 1):
 PSYoungGen      total 305664K, used 13137K [0x00000000eab00000, 0x0000000100000000, 0x0000000100000000)
  eden space 262144K, 0% used [0x00000000eab00000,0x00000000eab00000,0x00000000fab00000)
  from space 43520K, 30% used [0x00000000fd580000,0x00000000fe2545c0,0x0000000100000000)
  to   space 43520K, 0% used [0x00000000fab00000,0x00000000fab00000,0x00000000fd580000)
 ParOldGen       total 699392K, used 11562K [0x00000000c0000000, 0x00000000eab00000, 0x00000000eab00000)
  object space 699392K, 1% used [0x00000000c0000000,0x00000000c0b4a9c8,0x00000000eab00000)
 Metaspace       used 34069K, capacity 35353K, committed 35416K, reserved 1079296K
  class space    used 4710K, capacity 4907K, committed 4952K, reserved 1048576K
}
Event: 1.061 GC heap before
{Heap before GC invocations=4 (full 2):
 PSYoungGen      total 305664K, used 13137K [0x00000000eab00000, 0x0000000100000000, 0x0000000100000000)
  eden space 262144K, 0% used [0x00000000eab00000,0x00000000eab00000,0x00000000fab00000)
  from space 43520K, 30% used [0x00000000fd580000,0x00000000fe2545c0,0x0000000100000000)
  to   space 43520K, 0% used [0x00000000fab00000,0x00000000fab00000,0x00000000fd580000)
 ParOldGen       total 699392K, used 11562K [0x00000000c0000000, 0x00000000eab00000, 0x00000000eab00000)
  object space 699392K, 1% used [0x00000000c0000000,0x00000000c0b4a9c8,0x00000000eab00000)
 Metaspace       used 34069K, capacity 35353K, committed 35416K, reserved 1079296K
  class space    used 4710K, capacity 4907K, committed 4952K, reserved 1048576K
Event: 1.086 GC heap after
Heap after GC invocations=4 (full 2):
 PSYoungGen      total 305664K, used 0K [0x00000000eab00000, 0x0000000100000000, 0x0000000100000000)
  eden space 262144K, 0% used [0x00000000eab00000,0x00000000eab00000,0x00000000fab00000)
  from space 43520K, 0% used [0x00000000fd580000,0x00000000fd580000,0x0000000100000000)
  to   space 43520K, 0% used [0x00000000fab00000,0x00000000fab00000,0x00000000fd580000)
 ParOldGen       total 699392K, used 14526K [0x00000000c0000000, 0x00000000eab00000, 0x00000000eab00000)
  object space 699392K, 2% used [0x00000000c0000000,0x00000000c0e2f978,0x00000000eab00000)
 Metaspace       used 34069K, capacity 35353K, committed 35416K, reserved 1079296K
  class space    used 4710K, capacity 4907K, committed 4952K, reserved 1048576K
}
Event: 2.259 GC heap before
{Heap before GC invocations=5 (full 2):
 PSYoungGen      total 305664K, used 195139K [0x00000000eab00000, 0x0000000100000000, 0x0000000100000000)
  eden space 262144K, 74% used [0x00000000eab00000,0x00000000f6990f10,0x00000000fab00000)
  from space 43520K, 0% used [0x00000000fd580000,0x00000000fd580000,0x0000000100000000)
  to   space 43520K, 0% used [0x00000000fab00000,0x00000000fab00000,0x00000000fd580000)
 ParOldGen       total 699392K, used 14526K [0x00000000c0000000, 0x00000000eab00000, 0x00000000eab00000)
  object space 699392K, 2% used [0x00000000c0000000,0x00000000c0e2f978,0x00000000eab00000)
 Metaspace       used 55108K, capacity 58897K, committed 59028K, reserved 1101824K
  class space    used 7233K, capacity 7558K, committed 7640K, reserved 1048576K

