# JRE version: OpenJDK Runtime Environment (8.0_282-b08) (build 1.8.0_282-b08)
# Java VM: OpenJDK 64-Bit Server VM (25.282-b08 mixed mode linux-amd64 compressed oops)
Heap:
 PSYoungGen      total 305664K, used 291991K [0x00000000eab00000, 0x0000000100000000, 0x0000000100000000)
  eden space 262144K, 100% used [0x00000000eab00000,0x00000000fab00000,0x00000000fab00000)
  from space 43520K, 68% used [0x00000000fab00000,0x00000000fc825c68,0x00000000fd580000)
  to   space 33792K, 61% used [0x00000000fdf00000,0x00000000ff36bd58,0x0000000100000000)
 ParOldGen       total 699392K, used 35958K [0x00000000c0000000, 0x00000000eab00000, 0x00000000eab00000)
  object space 699392K, 5% used [0x00000000c0000000,0x00000000c231d9c0,0x00000000eab00000)
 Metaspace       used 85077K, capacity 97312K, committed 97624K, reserved 1134592K
  class space    used 12634K, capacity 13285K, committed 13400K, reserved 1048576K
GC Heap History (17 events):
Event: 0.713 GC heap before
{Heap before GC invocations=1 (full 0):
 PSYoungGen      total 305664K, used 94372K [0x00000000eab00000, 0x0000000100000000, 0x0000000100000000)
  eden space 262144K, 36% used [0x00000000eab00000,0x00000000f0729070,0x00000000fab00000)
  from space 43520K, 0% used [0x00000000fd580000,0x00000000fd580000,0x0000000100000000)
  to   space 43520K, 0% used [0x00000000fab00000,0x00000000fab00000,0x00000000fd580000)
 ParOldGen       total 699392K, used 0K [0x00000000c0000000, 0x00000000eab00000, 0x00000000eab00000)
  object space 699392K, 0% used [0x00000000c0000000,0x00000000c0000000,0x00000000eab00000)
 Metaspace       used 20298K, capacity 21088K, committed 21248K, reserved 1067008K
  class space    used 2831K, capacity 2993K, committed 3072K, reserved 1048576K
Event: 0.724 GC heap after
Heap after GC invocations=1 (full 0):
 PSYoungGen      total 305664K, used 13218K [0x00000000eab00000, 0x0000000100000000, 0x0000000100000000)
  eden space 262144K, 0% used [0x00000000eab00000,0x00000000eab00000,0x00000000fab00000)
  from space 43520K, 30% used [0x00000000fab00000,0x00000000fb7e8888,0x00000000fd580000)
  to   space 43520K, 0% used [0x00000000fd580000,0x00000000fd580000,0x0000000100000000)
 ParOldGen       total 699392K, used 16K [0x00000000c0000000, 0x00000000eab00000, 0x00000000eab00000)
  object space 699392K, 0% used [0x00000000c0000000,0x00000000c0004000,0x00000000eab00000)
 Metaspace       used 20298K, capacity 21088K, committed 21248K, reserved 1067008K
  class space    used 2831K, capacity 2993K, committed 3072K, reserved 1048576K
}
Event: 0.725 GC heap before
{Heap before GC invocations=2 (full 1):
 PSYoungGen      total 305664K, used 13218K [0x00000000eab00000, 0x0000000100000000, 0x0000000100000000)
  eden space 262144K, 0% used [0x00000000eab00000,0x00000000eab00000,0x00000000fab00000)
  from space 43520K, 30% used [0x00000000fab00000,0x00000000fb7e8888,0x00000000fd580000)
  to   space 43520K, 0% used [0x00000000fd580000,0x00000000fd580000,0x0000000100000000)
 ParOldGen       total 699392K, used 16K [0x00000000c0000000, 0x00000000eab00000, 0x00000000eab00000)
  object space 699392K, 0% used [0x00000000c0000000,0x00000000c0004000,0x00000000eab00000)
 Metaspace       used 20298K, capacity 21088K, committed 21248K, reserved 1067008K
  class space    used 2831K, capacity 2993K, committed 3072K, reserved 1048576K
Event: 0.745 GC heap after
Heap after GC invocations=2 (full 1):
 PSYoungGen      total 305664K, used 0K [0x00000000eab00000, 0x0000000100000000, 0x0000000100000000)
  eden space 262144K, 0% used [0x00000000eab00000,0x00000000eab00000,0x00000000fab00000)
  from space 43520K, 0% used [0x00000000fab00000,0x00000000fab00000,0x00000000fd580000)
  to   space 43520K, 0% used [0x00000000fd580000,0x00000000fd580000,0x0000000100000000)
 ParOldGen       total 699392K, used 11570K [0x00000000c0000000, 0x00000000eab00000, 0x00000000eab00000)
  object space 699392K, 1% used [0x00000000c0000000,0x00000000c0b4ca08,0x00000000eab00000)
 Metaspace       used 20277K, capacity 21052K, committed 21248K, reserved 1067008K
  class space    used 2823K, capacity 2977K, committed 3072K, reserved 1048576K
}
Event: 1.090 GC heap before
{Heap before GC invocations=3 (full 1):
 PSYoungGen      total 305664K, used 99743K [0x00000000eab00000, 0x0000000100000000, 0x0000000100000000)
  eden space 262144K, 38% used [0x00000000eab00000,0x00000000f0c67f40,0x00000000fab00000)
  from space 43520K, 0% used [0x00000000fab00000,0x00000000fab00000,0x00000000fd580000)
  to   space 43520K, 0% used [0x00000000fd580000,0x00000000fd580000,0x0000000100000000)
 ParOldGen       total 699392K, used 11570K [0x00000000c0000000, 0x00000000eab00000, 0x00000000eab00000)
  object space 699392K, 1% used [0x00000000c0000000,0x00000000c0b4ca08,0x00000000eab00000)
 Metaspace       used 34098K, capacity 35369K, committed 35416K, reserved 1079296K
  class space    used 4712K, capacity 4907K, committed 4952K, reserved 1048576K
Event: 1.100 GC heap after
Heap after GC invocations=3 (full 1):
 PSYoungGen      total 305664K, used 15822K [0x00000000eab00000, 0x0000000100000000, 0x0000000100000000)
  eden space 262144K, 0% used [0x00000000eab00000,0x00000000eab00000,0x00000000fab00000)
  from space 43520K, 36% used [0x00000000fd580000,0x00000000fe4f3a90,0x0000000100000000)
  to   space 43520K, 0% used [0x00000000fab00000,0x00000000fab00000,0x00000000fd580000)
 ParOldGen       total 699392K, used 11578K [0x00000000c0000000, 0x00000000eab00000, 0x00000000eab00000)
  object space 699392K, 1% used [0x00000000c0000000,0x00000000c0b4ea08,0x00000000eab00000)
 Metaspace       used 34098K, capacity 35369K, committed 35416K, reserved 1079296K
  class space    used 4712K, capacity 4907K, committed 4952K, reserved 1048576K
}
Event: 1.100 GC heap before
{Heap before GC invocations=4 (full 2):
 PSYoungGen      total 305664K, used 15822K [0x00000000eab00000, 0x0000000100000000, 0x0000000100000000)
  eden space 262144K, 0% used [0x00000000eab00000,0x00000000eab00000,0x00000000fab00000)
  from space 43520K, 36% used [0x00000000fd580000,0x00000000fe4f3a90,0x0000000100000000)
  to   space 43520K, 0% used [0x00000000fab00000,0x00000000fab00000,0x00000000fd580000)
 ParOldGen       total 699392K, used 11578K [0x00000000c0000000, 0x00000000eab00000, 0x00000000eab00000)
  object space 699392K, 1% used [0x00000000c0000000,0x00000000c0b4ea08,0x00000000eab00000)
 Metaspace       used 34098K, capacity 35369K, committed 35416K, reserved 1079296K
  class space    used 4712K, capacity 4907K, committed 4952K, reserved 1048576K
Event: 1.129 GC heap after
Heap after GC invocations=4 (full 2):
 PSYoungGen      total 305664K, used 0K [0x00000000eab00000, 0x0000000100000000, 0x0000000100000000)
  eden space 262144K, 0% used [0x00000000eab00000,0x00000000eab00000,0x00000000fab00000)
  from space 43520K, 0% used [0x00000000fd580000,0x00000000fd580000,0x0000000100000000)
  to   space 43520K, 0% used [0x00000000fab00000,0x00000000fab00000,0x00000000fd580000)
 ParOldGen       total 699392K, used 17293K [0x00000000c0000000, 0x00000000eab00000, 0x00000000eab00000)
  object space 699392K, 2% used [0x00000000c0000000,0x00000000c10e37d0,0x00000000eab00000)
 Metaspace       used 34098K, capacity 35369K, committed 35416K, reserved 1079296K
  class space    used 4712K, capacity 4907K, committed 4952K, reserved 1048576K
}
Event: 2.311 GC heap before
{Heap before GC invocations=5 (full 2):
 PSYoungGen      total 305664K, used 190120K [0x00000000eab00000, 0x0000000100000000, 0x0000000100000000)
  eden space 262144K, 72% used [0x00000000eab00000,0x00000000f64aa1b0,0x00000000fab00000)
  from space 43520K, 0% used [0x00000000fd580000,0x00000000fd580000,0x0000000100000000)
  to   space 43520K, 0% used [0x00000000fab00000,0x00000000fab00000,0x00000000fd580000)
 ParOldGen       total 699392K, used 17293K [0x00000000c0000000, 0x00000000eab00000, 0x00000000eab00000)
  object space 699392K, 2% used [0x00000000c0000000,0x00000000c10e37d0,0x00000000eab00000)
 Metaspace       used 55126K, capacity 58909K, committed 59028K, reserved 1101824K
  class space    used 7238K, capacity 7584K, committed 7640K, reserved 1048576K
Event: 2.330 GC heap after
Heap after GC invocations=5 (full 2):
 PSYoungGen      total 305664K, used 27685K [0x00000000eab00000, 0x0000000100000000, 0x0000000100000000)
  eden space 262144K, 0% used [0x00000000eab00000,0x00000000eab00000,0x00000000fab00000)
  from space 43520K, 63% used [0x00000000fab00000,0x00000000fc609518,0x00000000fd580000)
  to   space 43520K, 0% used [0x00000000fd580000,0x00000000fd580000,0x0000000100000000)
 ParOldGen       total 699392K, used 17309K [0x00000000c0000000, 0x00000000eab00000, 0x00000000eab00000)
  object space 699392K, 2% used [0x00000000c0000000,0x00000000c10e77d0,0x00000000eab00000)
 Metaspace       used 55126K, capacity 58909K, committed 59028K, reserved 1101824K
  class space    used 7238K, capacity 7584K, committed 7640K, reserved 1048576K
}
Event: 2.330 GC heap before
{Heap before GC invocations=6 (full 3):
 PSYoungGen      total 305664K, used 27685K [0x00000000eab00000, 0x0000000100000000, 0x0000000100000000)
  eden space 262144K, 0% used [0x00000000eab00000,0x00000000eab00000,0x00000000fab00000)
  from space 43520K, 63% used [0x00000000fab00000,0x00000000fc609518,0x00000000fd580000)
  to   space 43520K, 0% used [0x00000000fd580000,0x00000000fd580000,0x0000000100000000)
 ParOldGen       total 699392K, used 17309K [0x00000000c0000000, 0x00000000eab00000, 0x00000000eab00000)
  object space 699392K, 2% used [0x00000000c0000000,0x00000000c10e77d0,0x00000000eab00000)
 Metaspace       used 55126K, capacity 58909K, committed 59028K, reserved 1101824K
  class space    used 7238K, capacity 7584K, committed 7640K, reserved 1048576K
Event: 2.415 GC heap after
Heap after GC invocations=6 (full 3):
 PSYoungGen      total 305664K, used 0K [0x00000000eab00000, 0x0000000100000000, 0x0000000100000000)
  eden space 262144K, 0% used [0x00000000eab00000,0x00000000eab00000,0x00000000fab00000)
  from space 43520K, 0% used [0x00000000fab00000,0x00000000fab00000,0x00000000fd580000)
  to   space 43520K, 0% used [0x00000000fd580000,0x00000000fd580000,0x0000000100000000)
 ParOldGen       total 699392K, used 35918K [0x00000000c0000000, 0x00000000eab00000, 0x00000000eab00000)
  object space 699392K, 5% used [0x00000000c0000000,0x00000000c23139c0,0x00000000eab00000)
 Metaspace       used 55126K, capacity 58909K, committed 59028K, reserved 1101824K
  class space    used 7238K, capacity 7584K, committed 7640K, reserved 1048576K
}
Event: 3.475 GC heap before
{Heap before GC invocations=7 (full 3):
 PSYoungGen      total 305664K, used 262144K [0x00000000eab00000, 0x0000000100000000, 0x0000000100000000)
  eden space 262144K, 100% used [0x00000000eab00000,0x00000000fab00000,0x00000000fab00000)
  from space 43520K, 0% used [0x00000000fab00000,0x00000000fab00000,0x00000000fd580000)
  to   space 43520K, 0% used [0x00000000fd580000,0x00000000fd580000,0x0000000100000000)
 ParOldGen       total 699392K, used 35918K [0x00000000c0000000, 0x00000000eab00000, 0x00000000eab00000)
  object space 699392K, 5% used [0x00000000c0000000,0x00000000c23139c0,0x00000000eab00000)
 Metaspace       used 70620K, capacity 80082K, committed 80216K, reserved 1118208K
  class space    used 10004K, capacity 10488K, committed 10584K, reserved 1048576K
Event: 3.485 GC heap after
Heap after GC invocations=7 (full 3):
 PSYoungGen      total 305664K, used 15947K [0x00000000eab00000, 0x0000000100000000, 0x0000000100000000)
  eden space 262144K, 0% used [0x00000000eab00000,0x00000000eab00000,0x00000000fab00000)
  from space 43520K, 36% used [0x00000000fd580000,0x00000000fe512fb8,0x0000000100000000)
  to   space 43520K, 0% used [0x00000000fab00000,0x00000000fab00000,0x00000000fd580000)
 ParOldGen       total 699392K, used 35934K [0x00000000c0000000, 0x00000000eab00000, 0x00000000eab00000)
  object space 699392K, 5% used [0x00000000c0000000,0x00000000c23179c0,0x00000000eab00000)
 Metaspace       used 70620K, capacity 80082K, committed 80216K, reserved 1118208K
  class space    used 10004K, capacity 10488K, committed 10584K, reserved 1048576K
}
Event: 4.639 GC heap before
{Heap before GC invocations=8 (full 3):
 PSYoungGen      total 305664K, used 278091K [0x00000000eab00000, 0x0000000100000000, 0x0000000100000000)
  eden space 262144K, 100% used [0x00000000eab00000,0x00000000fab00000,0x00000000fab00000)
  from space 43520K, 36% used [0x00000000fd580000,0x00000000fe512fb8,0x0000000100000000)
  to   space 43520K, 0% used [0x00000000fab00000,0x00000000fab00000,0x00000000fd580000)
 ParOldGen       total 699392K, used 35934K [0x00000000c0000000, 0x00000000eab00000, 0x00000000eab00000)
  object space 699392K, 5% used [0x00000000c0000000,0x00000000c23179c0,0x00000000eab00000)
 Metaspace       used 79510K, capacity 90702K, committed 90840K, reserved 1128448K
  class space    used 12047K, capacity 12684K, committed 12760K, reserved 1048576K
Event: 4.653 GC heap after
Heap after GC invocations=8 (full 3):
 PSYoungGen      total 305664K, used 29847K [0x00000000eab00000, 0x0000000100000000, 0x0000000100000000)
  eden space 262144K, 0% used [0x00000000eab00000,0x00000000eab00000,0x00000000fab00000)
  from space 43520K, 68% used [0x00000000fab00000,0x00000000fc825c68,0x00000000fd580000)
  to   space 33792K, 0% used [0x00000000fdf00000,0x00000000fdf00000,0x0000000100000000)
 ParOldGen       total 699392K, used 35950K [0x00000000c0000000, 0x00000000eab00000, 0x00000000eab00000)
  object space 699392K, 5% used [0x00000000c0000000,0x00000000c231b9c0,0x00000000eab00000)
 Metaspace       used 79510K, capacity 90702K, committed 90840K, reserved 1128448K
  class space    used 12047K, capacity 12684K, committed 12760K, reserved 1048576K
}
Event: 5.430 GC heap before
{Heap before GC invocations=9 (full 3):
 PSYoungGen      total 305664K, used 291991K [0x00000000eab00000, 0x0000000100000000, 0x0000000100000000)
  eden space 262144K, 100% used [0x00000000eab00000,0x00000000fab00000,0x00000000fab00000)
  from space 43520K, 68% used [0x00000000fab00000,0x00000000fc825c68,0x00000000fd580000)
  to   space 33792K, 0% used [0x00000000fdf00000,0x00000000fdf00000,0x0000000100000000)
 ParOldGen       total 699392K, used 35950K [0x00000000c0000000, 0x00000000eab00000, 0x00000000eab00000)
  object space 699392K, 5% used [0x00000000c0000000,0x00000000c231b9c0,0x00000000eab00000)
 Metaspace       used 85077K, capacity 97312K, committed 97624K, reserved 1134592K
  class space    used 12634K, capacity 13285K, committed 13400K, reserved 1048576K

