# JRE version: OpenJDK Runtime Environment (8.0_282-b08) (build 1.8.0_282-b08)
# Java VM: OpenJDK 64-Bit Server VM (25.282-b08 mixed mode linux-amd64 compressed oops)
Heap:
 PSYoungGen      total 305664K, used 292223K [0x00000000eab00000, 0x0000000100000000, 0x0000000100000000)
  eden space 262144K, 100% used [0x00000000eab00000,0x00000000fab00000,0x00000000fab00000)
  from space 43520K, 69% used [0x00000000fab00000,0x00000000fc85fed8,0x00000000fd580000)
  to   space 34304K, 63% used [0x00000000fde80000,0x00000000ff3b1b70,0x0000000100000000)
 ParOldGen       total 699392K, used 35898K [0x00000000c0000000, 0x00000000eab00000, 0x00000000eab00000)
  object space 699392K, 5% used [0x00000000c0000000,0x00000000c230eba8,0x00000000eab00000)
 Metaspace       used 84570K, capacity 96612K, committed 96728K, reserved 1132544K
  class space    used 12529K, capacity 13172K, committed 13272K, reserved 1048576K
GC Heap History (17 events):
Event: 0.708 GC heap before
{Heap before GC invocations=1 (full 0):
 PSYoungGen      total 305664K, used 94372K [0x00000000eab00000, 0x0000000100000000, 0x0000000100000000)
  eden space 262144K, 36% used [0x00000000eab00000,0x00000000f07290b0,0x00000000fab00000)
  from space 43520K, 0% used [0x00000000fd580000,0x00000000fd580000,0x0000000100000000)
  to   space 43520K, 0% used [0x00000000fab00000,0x00000000fab00000,0x00000000fd580000)
 ParOldGen       total 699392K, used 0K [0x00000000c0000000, 0x00000000eab00000, 0x00000000eab00000)
  object space 699392K, 0% used [0x00000000c0000000,0x00000000c0000000,0x00000000eab00000)
 Metaspace       used 20295K, capacity 21088K, committed 21248K, reserved 1067008K
  class space    used 2831K, capacity 2993K, committed 3072K, reserved 1048576K
Event: 0.719 GC heap after
Heap after GC invocations=1 (full 0):
 PSYoungGen      total 305664K, used 13245K [0x00000000eab00000, 0x0000000100000000, 0x0000000100000000)
  eden space 262144K, 0% used [0x00000000eab00000,0x00000000eab00000,0x00000000fab00000)
  from space 43520K, 30% used [0x00000000fab00000,0x00000000fb7ef658,0x00000000fd580000)
  to   space 43520K, 0% used [0x00000000fd580000,0x00000000fd580000,0x0000000100000000)
 ParOldGen       total 699392K, used 16K [0x00000000c0000000, 0x00000000eab00000, 0x00000000eab00000)
  object space 699392K, 0% used [0x00000000c0000000,0x00000000c0004000,0x00000000eab00000)
 Metaspace       used 20295K, capacity 21088K, committed 21248K, reserved 1067008K
  class space    used 2831K, capacity 2993K, committed 3072K, reserved 1048576K
}
Event: 0.719 GC heap before
{Heap before GC invocations=2 (full 1):
 PSYoungGen      total 305664K, used 13245K [0x00000000eab00000, 0x0000000100000000, 0x0000000100000000)
  eden space 262144K, 0% used [0x00000000eab00000,0x00000000eab00000,0x00000000fab00000)
  from space 43520K, 30% used [0x00000000fab00000,0x00000000fb7ef658,0x00000000fd580000)
  to   space 43520K, 0% used [0x00000000fd580000,0x00000000fd580000,0x0000000100000000)
 ParOldGen       total 699392K, used 16K [0x00000000c0000000, 0x00000000eab00000, 0x00000000eab00000)
  object space 699392K, 0% used [0x00000000c0000000,0x00000000c0004000,0x00000000eab00000)
 Metaspace       used 20295K, capacity 21088K, committed 21248K, reserved 1067008K
  class space    used 2831K, capacity 2993K, committed 3072K, reserved 1048576K
Event: 0.737 GC heap after
Heap after GC invocations=2 (full 1):
 PSYoungGen      total 305664K, used 0K [0x00000000eab00000, 0x0000000100000000, 0x0000000100000000)
  eden space 262144K, 0% used [0x00000000eab00000,0x00000000eab00000,0x00000000fab00000)
  from space 43520K, 0% used [0x00000000fab00000,0x00000000fab00000,0x00000000fd580000)
  to   space 43520K, 0% used [0x00000000fd580000,0x00000000fd580000,0x0000000100000000)
 ParOldGen       total 699392K, used 11555K [0x00000000c0000000, 0x00000000eab00000, 0x00000000eab00000)
  object space 699392K, 1% used [0x00000000c0000000,0x00000000c0b48e48,0x00000000eab00000)
 Metaspace       used 20274K, capacity 21052K, committed 21248K, reserved 1067008K
  class space    used 2823K, capacity 2977K, committed 3072K, reserved 1048576K
}
Event: 1.064 GC heap before
{Heap before GC invocations=3 (full 1):
 PSYoungGen      total 305664K, used 99999K [0x00000000eab00000, 0x0000000100000000, 0x0000000100000000)
  eden space 262144K, 38% used [0x00000000eab00000,0x00000000f0ca7ec0,0x00000000fab00000)
  from space 43520K, 0% used [0x00000000fab00000,0x00000000fab00000,0x00000000fd580000)
  to   space 43520K, 0% used [0x00000000fd580000,0x00000000fd580000,0x0000000100000000)
 ParOldGen       total 699392K, used 11555K [0x00000000c0000000, 0x00000000eab00000, 0x00000000eab00000)
  object space 699392K, 1% used [0x00000000c0000000,0x00000000c0b48e48,0x00000000eab00000)
 Metaspace       used 34074K, capacity 35369K, committed 35416K, reserved 1079296K
  class space    used 4711K, capacity 4907K, committed 4952K, reserved 1048576K
Event: 1.075 GC heap after
Heap after GC invocations=3 (full 1):
 PSYoungGen      total 305664K, used 14021K [0x00000000eab00000, 0x0000000100000000, 0x0000000100000000)
  eden space 262144K, 0% used [0x00000000eab00000,0x00000000eab00000,0x00000000fab00000)
  from space 43520K, 32% used [0x00000000fd580000,0x00000000fe331620,0x0000000100000000)
  to   space 43520K, 0% used [0x00000000fab00000,0x00000000fab00000,0x00000000fd580000)
 ParOldGen       total 699392K, used 11563K [0x00000000c0000000, 0x00000000eab00000, 0x00000000eab00000)
  object space 699392K, 1% used [0x00000000c0000000,0x00000000c0b4ae48,0x00000000eab00000)
 Metaspace       used 34074K, capacity 35369K, committed 35416K, reserved 1079296K
  class space    used 4711K, capacity 4907K, committed 4952K, reserved 1048576K
}
Event: 1.075 GC heap before
{Heap before GC invocations=4 (full 2):
 PSYoungGen      total 305664K, used 14021K [0x00000000eab00000, 0x0000000100000000, 0x0000000100000000)
  eden space 262144K, 0% used [0x00000000eab00000,0x00000000eab00000,0x00000000fab00000)
  from space 43520K, 32% used [0x00000000fd580000,0x00000000fe331620,0x0000000100000000)
  to   space 43520K, 0% used [0x00000000fab00000,0x00000000fab00000,0x00000000fd580000)
 ParOldGen       total 699392K, used 11563K [0x00000000c0000000, 0x00000000eab00000, 0x00000000eab00000)
  object space 699392K, 1% used [0x00000000c0000000,0x00000000c0b4ae48,0x00000000eab00000)
 Metaspace       used 34074K, capacity 35369K, committed 35416K, reserved 1079296K
  class space    used 4711K, capacity 4907K, committed 4952K, reserved 1048576K
Event: 1.104 GC heap after
Heap after GC invocations=4 (full 2):
 PSYoungGen      total 305664K, used 0K [0x00000000eab00000, 0x0000000100000000, 0x0000000100000000)
  eden space 262144K, 0% used [0x00000000eab00000,0x00000000eab00000,0x00000000fab00000)
  from space 43520K, 0% used [0x00000000fd580000,0x00000000fd580000,0x0000000100000000)
  to   space 43520K, 0% used [0x00000000fab00000,0x00000000fab00000,0x00000000fd580000)
 ParOldGen       total 699392K, used 15412K [0x00000000c0000000, 0x00000000eab00000, 0x00000000eab00000)
  object space 699392K, 2% used [0x00000000c0000000,0x00000000c0f0d360,0x00000000eab00000)
 Metaspace       used 34074K, capacity 35369K, committed 35416K, reserved 1079296K
  class space    used 4711K, capacity 4907K, committed 4952K, reserved 1048576K
}
Event: 2.323 GC heap before
{Heap before GC invocations=5 (full 2):
 PSYoungGen      total 305664K, used 195363K [0x00000000eab00000, 0x0000000100000000, 0x0000000100000000)
  eden space 262144K, 74% used [0x00000000eab00000,0x00000000f69c8f88,0x00000000fab00000)
  from space 43520K, 0% used [0x00000000fd580000,0x00000000fd580000,0x0000000100000000)
  to   space 43520K, 0% used [0x00000000fab00000,0x00000000fab00000,0x00000000fd580000)
 ParOldGen       total 699392K, used 15412K [0x00000000c0000000, 0x00000000eab00000, 0x00000000eab00000)
  object space 699392K, 2% used [0x00000000c0000000,0x00000000c0f0d360,0x00000000eab00000)
 Metaspace       used 55107K, capacity 58883K, committed 59028K, reserved 1101824K
  class space    used 7229K, capacity 7553K, committed 7640K, reserved 1048576K
Event: 2.344 GC heap after
Heap after GC invocations=5 (full 2):
 PSYoungGen      total 305664K, used 29524K [0x00000000eab00000, 0x0000000100000000, 0x0000000100000000)
  eden space 262144K, 0% used [0x00000000eab00000,0x00000000eab00000,0x00000000fab00000)
  from space 43520K, 67% used [0x00000000fab00000,0x00000000fc7d5360,0x00000000fd580000)
  to   space 43520K, 0% used [0x00000000fd580000,0x00000000fd580000,0x0000000100000000)
 ParOldGen       total 699392K, used 15428K [0x00000000c0000000, 0x00000000eab00000, 0x00000000eab00000)
  object space 699392K, 2% used [0x00000000c0000000,0x00000000c0f11360,0x00000000eab00000)
 Metaspace       used 55107K, capacity 58883K, committed 59028K, reserved 1101824K
  class space    used 7229K, capacity 7553K, committed 7640K, reserved 1048576K
}
Event: 2.344 GC heap before
{Heap before GC invocations=6 (full 3):
 PSYoungGen      total 305664K, used 29524K [0x00000000eab00000, 0x0000000100000000, 0x0000000100000000)
  eden space 262144K, 0% used [0x00000000eab00000,0x00000000eab00000,0x00000000fab00000)
  from space 43520K, 67% used [0x00000000fab00000,0x00000000fc7d5360,0x00000000fd580000)
  to   space 43520K, 0% used [0x00000000fd580000,0x00000000fd580000,0x0000000100000000)
 ParOldGen       total 699392K, used 15428K [0x00000000c0000000, 0x00000000eab00000, 0x00000000eab00000)
  object space 699392K, 2% used [0x00000000c0000000,0x00000000c0f11360,0x00000000eab00000)
 Metaspace       used 55107K, capacity 58883K, committed 59028K, reserved 1101824K
  class space    used 7229K, capacity 7553K, committed 7640K, reserved 1048576K
Event: 2.430 GC heap after
Heap after GC invocations=6 (full 3):
 PSYoungGen      total 305664K, used 0K [0x00000000eab00000, 0x0000000100000000, 0x0000000100000000)
  eden space 262144K, 0% used [0x00000000eab00000,0x00000000eab00000,0x00000000fab00000)
  from space 43520K, 0% used [0x00000000fab00000,0x00000000fab00000,0x00000000fd580000)
  to   space 43520K, 0% used [0x00000000fd580000,0x00000000fd580000,0x0000000100000000)
 ParOldGen       total 699392K, used 35850K [0x00000000c0000000, 0x00000000eab00000, 0x00000000eab00000)
  object space 699392K, 5% used [0x00000000c0000000,0x00000000c2302ba8,0x00000000eab00000)
 Metaspace       used 55104K, capacity 58877K, committed 59028K, reserved 1101824K
  class space    used 7228K, capacity 7552K, committed 7640K, reserved 1048576K
}
Event: 3.542 GC heap before
{Heap before GC invocations=7 (full 3):
 PSYoungGen      total 305664K, used 262144K [0x00000000eab00000, 0x0000000100000000, 0x0000000100000000)
  eden space 262144K, 100% used [0x00000000eab00000,0x00000000fab00000,0x00000000fab00000)
  from space 43520K, 0% used [0x00000000fab00000,0x00000000fab00000,0x00000000fd580000)
  to   space 43520K, 0% used [0x00000000fd580000,0x00000000fd580000,0x0000000100000000)
 ParOldGen       total 699392K, used 35850K [0x00000000c0000000, 0x00000000eab00000, 0x00000000eab00000)
  object space 699392K, 5% used [0x00000000c0000000,0x00000000c2302ba8,0x00000000eab00000)
 Metaspace       used 70008K, capacity 79140K, committed 79320K, reserved 1118208K
  class space    used 9876K, capacity 10351K, committed 10456K, reserved 1048576K
Event: 3.552 GC heap after
Heap after GC invocations=7 (full 3):
 PSYoungGen      total 305664K, used 15875K [0x00000000eab00000, 0x0000000100000000, 0x0000000100000000)
  eden space 262144K, 0% used [0x00000000eab00000,0x00000000eab00000,0x00000000fab00000)
  from space 43520K, 36% used [0x00000000fd580000,0x00000000fe500fe8,0x0000000100000000)
  to   space 43520K, 0% used [0x00000000fab00000,0x00000000fab00000,0x00000000fd580000)
 ParOldGen       total 699392K, used 35866K [0x00000000c0000000, 0x00000000eab00000, 0x00000000eab00000)
  object space 699392K, 5% used [0x00000000c0000000,0x00000000c2306ba8,0x00000000eab00000)
 Metaspace       used 70008K, capacity 79140K, committed 79320K, reserved 1118208K
  class space    used 9876K, capacity 10351K, committed 10456K, reserved 1048576K
}
Event: 4.704 GC heap before
{Heap before GC invocations=8 (full 3):
 PSYoungGen      total 305664K, used 278019K [0x00000000eab00000, 0x0000000100000000, 0x0000000100000000)
  eden space 262144K, 100% used [0x00000000eab00000,0x00000000fab00000,0x00000000fab00000)
  from space 43520K, 36% used [0x00000000fd580000,0x00000000fe500fe8,0x0000000100000000)
  to   space 43520K, 0% used [0x00000000fab00000,0x00000000fab00000,0x00000000fd580000)
 ParOldGen       total 699392K, used 35866K [0x00000000c0000000, 0x00000000eab00000, 0x00000000eab00000)
  object space 699392K, 5% used [0x00000000c0000000,0x00000000c2306ba8,0x00000000eab00000)
 Metaspace       used 79250K, capacity 90254K, committed 90456K, reserved 1126400K
  class space    used 11990K, capacity 12599K, committed 12632K, reserved 1048576K
Event: 4.717 GC heap after
Heap after GC invocations=8 (full 3):
 PSYoungGen      total 305664K, used 30079K [0x00000000eab00000, 0x0000000100000000, 0x0000000100000000)
  eden space 262144K, 0% used [0x00000000eab00000,0x00000000eab00000,0x00000000fab00000)
  from space 43520K, 69% used [0x00000000fab00000,0x00000000fc85fed8,0x00000000fd580000)
  to   space 34304K, 0% used [0x00000000fde80000,0x00000000fde80000,0x0000000100000000)
 ParOldGen       total 699392K, used 35882K [0x00000000c0000000, 0x00000000eab00000, 0x00000000eab00000)
  object space 699392K, 5% used [0x00000000c0000000,0x00000000c230aba8,0x00000000eab00000)
 Metaspace       used 79250K, capacity 90254K, committed 90456K, reserved 1126400K
  class space    used 11990K, capacity 12599K, committed 12632K, reserved 1048576K
}
Event: 5.591 GC heap before
{Heap before GC invocations=9 (full 3):
 PSYoungGen      total 305664K, used 292223K [0x00000000eab00000, 0x0000000100000000, 0x0000000100000000)
  eden space 262144K, 100% used [0x00000000eab00000,0x00000000fab00000,0x00000000fab00000)
  from space 43520K, 69% used [0x00000000fab00000,0x00000000fc85fed8,0x00000000fd580000)
  to   space 34304K, 0% used [0x00000000fde80000,0x00000000fde80000,0x0000000100000000)
 ParOldGen       total 699392K, used 35882K [0x00000000c0000000, 0x00000000eab00000, 0x00000000eab00000)
  object space 699392K, 5% used [0x00000000c0000000,0x00000000c230aba8,0x00000000eab00000)
 Metaspace       used 84570K, capacity 96612K, committed 96728K, reserved 1132544K
  class space    used 12529K, capacity 13172K, committed 13272K, reserved 1048576K

