# JRE version: OpenJDK Runtime Environment (8.0_282-b08) (build 1.8.0_282-b08)
# Java VM: OpenJDK 64-Bit Server VM (25.282-b08 mixed mode linux-amd64 compressed oops)
Heap:
 PSYoungGen      total 305664K, used 262144K [0x00000000eab00000, 0x0000000100000000, 0x0000000100000000)
  eden space 262144K, 100% used [0x00000000eab00000,0x00000000fab00000,0x00000000fab00000)
  from space 43520K, 0% used [0x00000000fd580000,0x00000000fd580000,0x0000000100000000)
  to   space 43520K, 22% used [0x00000000fab00000,0x00000000fb49cde0,0x00000000fd580000)
 ParOldGen       total 699392K, used 36330K [0x00000000c0000000, 0x00000000eab00000, 0x00000000eab00000)
  object space 699392K, 5% used [0x00000000c0000000,0x00000000c237a968,0x00000000eab00000)
 Metaspace       used 70680K, capacity 80106K, committed 80256K, reserved 1118208K
  class space    used 10011K, capacity 10500K, committed 10624K, reserved 1048576K
GC Heap History (15 events):
Event: 0.689 GC heap before
{Heap before GC invocations=1 (full 0):
 PSYoungGen      total 305664K, used 99615K [0x00000000eab00000, 0x0000000100000000, 0x0000000100000000)
  eden space 262144K, 38% used [0x00000000eab00000,0x00000000f0c47db8,0x00000000fab00000)
  from space 43520K, 0% used [0x00000000fd580000,0x00000000fd580000,0x0000000100000000)
  to   space 43520K, 0% used [0x00000000fab00000,0x00000000fab00000,0x00000000fd580000)
 ParOldGen       total 699392K, used 0K [0x00000000c0000000, 0x00000000eab00000, 0x00000000eab00000)
  object space 699392K, 0% used [0x00000000c0000000,0x00000000c0000000,0x00000000eab00000)
 Metaspace       used 20283K, capacity 21148K, committed 21504K, reserved 1067008K
  class space    used 2830K, capacity 2989K, committed 3072K, reserved 1048576K
Event: 0.700 GC heap after
Heap after GC invocations=1 (full 0):
 PSYoungGen      total 305664K, used 12965K [0x00000000eab00000, 0x0000000100000000, 0x0000000100000000)
  eden space 262144K, 0% used [0x00000000eab00000,0x00000000eab00000,0x00000000fab00000)
  from space 43520K, 29% used [0x00000000fab00000,0x00000000fb7a9710,0x00000000fd580000)
  to   space 43520K, 0% used [0x00000000fd580000,0x00000000fd580000,0x0000000100000000)
 ParOldGen       total 699392K, used 16K [0x00000000c0000000, 0x00000000eab00000, 0x00000000eab00000)
  object space 699392K, 0% used [0x00000000c0000000,0x00000000c0004000,0x00000000eab00000)
 Metaspace       used 20283K, capacity 21148K, committed 21504K, reserved 1067008K
  class space    used 2830K, capacity 2989K, committed 3072K, reserved 1048576K
}
Event: 0.709 GC heap before
{Heap before GC invocations=2 (full 0):
 PSYoungGen      total 305664K, used 28694K [0x00000000eab00000, 0x0000000100000000, 0x0000000100000000)
  eden space 262144K, 6% used [0x00000000eab00000,0x00000000eba5c2a8,0x00000000fab00000)
  from space 43520K, 29% used [0x00000000fab00000,0x00000000fb7a9710,0x00000000fd580000)
  to   space 43520K, 0% used [0x00000000fd580000,0x00000000fd580000,0x0000000100000000)
 ParOldGen       total 699392K, used 16K [0x00000000c0000000, 0x00000000eab00000, 0x00000000eab00000)
  object space 699392K, 0% used [0x00000000c0000000,0x00000000c0004000,0x00000000eab00000)
 Metaspace       used 20641K, capacity 21436K, committed 21628K, reserved 1069056K
  class space    used 2875K, capacity 3021K, committed 3072K, reserved 1048576K
Event: 0.713 GC heap after
Heap after GC invocations=2 (full 0):
 PSYoungGen      total 305664K, used 3844K [0x00000000eab00000, 0x0000000100000000, 0x0000000100000000)
  eden space 262144K, 0% used [0x00000000eab00000,0x00000000eab00000,0x00000000fab00000)
  from space 43520K, 8% used [0x00000000fd580000,0x00000000fd941128,0x0000000100000000)
  to   space 43520K, 0% used [0x00000000fab00000,0x00000000fab00000,0x00000000fd580000)
 ParOldGen       total 699392K, used 24K [0x00000000c0000000, 0x00000000eab00000, 0x00000000eab00000)
  object space 699392K, 0% used [0x00000000c0000000,0x00000000c0006000,0x00000000eab00000)
 Metaspace       used 20641K, capacity 21436K, committed 21628K, reserved 1069056K
  class space    used 2875K, capacity 3021K, committed 3072K, reserved 1048576K
}
Event: 0.713 GC heap before
{Heap before GC invocations=3 (full 1):
 PSYoungGen      total 305664K, used 3844K [0x00000000eab00000, 0x0000000100000000, 0x0000000100000000)
  eden space 262144K, 0% used [0x00000000eab00000,0x00000000eab00000,0x00000000fab00000)
  from space 43520K, 8% used [0x00000000fd580000,0x00000000fd941128,0x0000000100000000)
  to   space 43520K, 0% used [0x00000000fab00000,0x00000000fab00000,0x00000000fd580000)
 ParOldGen       total 699392K, used 24K [0x00000000c0000000, 0x00000000eab00000, 0x00000000eab00000)
  object space 699392K, 0% used [0x00000000c0000000,0x00000000c0006000,0x00000000eab00000)
 Metaspace       used 20641K, capacity 21436K, committed 21628K, reserved 1069056K
  class space    used 2875K, capacity 3021K, committed 3072K, reserved 1048576K
Event: 0.732 GC heap after
Heap after GC invocations=3 (full 1):
 PSYoungGen      total 305664K, used 0K [0x00000000eab00000, 0x0000000100000000, 0x0000000100000000)
  eden space 262144K, 0% used [0x00000000eab00000,0x00000000eab00000,0x00000000fab00000)
  from space 43520K, 0% used [0x00000000fd580000,0x00000000fd580000,0x0000000100000000)
  to   space 43520K, 0% used [0x00000000fab00000,0x00000000fab00000,0x00000000fd580000)
 ParOldGen       total 699392K, used 3050K [0x00000000c0000000, 0x00000000eab00000, 0x00000000eab00000)
  object space 699392K, 0% used [0x00000000c0000000,0x00000000c02fab28,0x00000000eab00000)
 Metaspace       used 20623K, capacity 21404K, committed 21628K, reserved 1069056K
  class space    used 2868K, capacity 3009K, committed 3072K, reserved 1048576K
}
Event: 1.101 GC heap before
{Heap before GC invocations=4 (full 1):
 PSYoungGen      total 305664K, used 115728K [0x00000000eab00000, 0x0000000100000000, 0x0000000100000000)
  eden space 262144K, 44% used [0x00000000eab00000,0x00000000f1c042e8,0x00000000fab00000)
  from space 43520K, 0% used [0x00000000fd580000,0x00000000fd580000,0x0000000100000000)
  to   space 43520K, 0% used [0x00000000fab00000,0x00000000fab00000,0x00000000fd580000)
 ParOldGen       total 699392K, used 3050K [0x00000000c0000000, 0x00000000eab00000, 0x00000000eab00000)
  object space 699392K, 0% used [0x00000000c0000000,0x00000000c02fab28,0x00000000eab00000)
 Metaspace       used 34636K, capacity 35987K, committed 36048K, reserved 1081344K
  class space    used 4790K, capacity 4961K, committed 4992K, reserved 1048576K
Event: 1.111 GC heap after
Heap after GC invocations=4 (full 1):
 PSYoungGen      total 305664K, used 23044K [0x00000000eab00000, 0x0000000100000000, 0x0000000100000000)
  eden space 262144K, 0% used [0x00000000eab00000,0x00000000eab00000,0x00000000fab00000)
  from space 43520K, 52% used [0x00000000fab00000,0x00000000fc181368,0x00000000fd580000)
  to   space 43520K, 0% used [0x00000000fd580000,0x00000000fd580000,0x0000000100000000)
 ParOldGen       total 699392K, used 3058K [0x00000000c0000000, 0x00000000eab00000, 0x00000000eab00000)
  object space 699392K, 0% used [0x00000000c0000000,0x00000000c02fcb28,0x00000000eab00000)
 Metaspace       used 34636K, capacity 35987K, committed 36048K, reserved 1081344K
  class space    used 4790K, capacity 4961K, committed 4992K, reserved 1048576K
}
Event: 1.111 GC heap before
{Heap before GC invocations=5 (full 2):
 PSYoungGen      total 305664K, used 23044K [0x00000000eab00000, 0x0000000100000000, 0x0000000100000000)
  eden space 262144K, 0% used [0x00000000eab00000,0x00000000eab00000,0x00000000fab00000)
  from space 43520K, 52% used [0x00000000fab00000,0x00000000fc181368,0x00000000fd580000)
  to   space 43520K, 0% used [0x00000000fd580000,0x00000000fd580000,0x0000000100000000)
 ParOldGen       total 699392K, used 3058K [0x00000000c0000000, 0x00000000eab00000, 0x00000000eab00000)
  object space 699392K, 0% used [0x00000000c0000000,0x00000000c02fcb28,0x00000000eab00000)
 Metaspace       used 34636K, capacity 35987K, committed 36048K, reserved 1081344K
  class space    used 4790K, capacity 4961K, committed 4992K, reserved 1048576K
Event: 1.156 GC heap after
Heap after GC invocations=5 (full 2):
 PSYoungGen      total 305664K, used 0K [0x00000000eab00000, 0x0000000100000000, 0x0000000100000000)
  eden space 262144K, 0% used [0x00000000eab00000,0x00000000eab00000,0x00000000fab00000)
  from space 43520K, 0% used [0x00000000fab00000,0x00000000fab00000,0x00000000fd580000)
  to   space 43520K, 0% used [0x00000000fd580000,0x00000000fd580000,0x0000000100000000)
 ParOldGen       total 699392K, used 24512K [0x00000000c0000000, 0x00000000eab00000, 0x00000000eab00000)
  object space 699392K, 3% used [0x00000000c0000000,0x00000000c17f0080,0x00000000eab00000)
 Metaspace       used 34636K, capacity 35987K, committed 36048K, reserved 1081344K
  class space    used 4790K, capacity 4961K, committed 4992K, reserved 1048576K
}
Event: 2.345 GC heap before
{Heap before GC invocations=6 (full 2):
 PSYoungGen      total 305664K, used 184586K [0x00000000eab00000, 0x0000000100000000, 0x0000000100000000)
  eden space 262144K, 70% used [0x00000000eab00000,0x00000000f5f429a0,0x00000000fab00000)
  from space 43520K, 0% used [0x00000000fab00000,0x00000000fab00000,0x00000000fd580000)
  to   space 43520K, 0% used [0x00000000fd580000,0x00000000fd580000,0x0000000100000000)
 ParOldGen       total 699392K, used 24512K [0x00000000c0000000, 0x00000000eab00000, 0x00000000eab00000)
  object space 699392K, 3% used [0x00000000c0000000,0x00000000c17f0080,0x00000000eab00000)
 Metaspace       used 56081K, capacity 60029K, committed 60080K, reserved 1101824K
  class space    used 7355K, capacity 7672K, committed 7680K, reserved 1048576K
Event: 2.361 GC heap after
Heap after GC invocations=6 (full 2):
 PSYoungGen      total 305664K, used 20949K [0x00000000eab00000, 0x0000000100000000, 0x0000000100000000)
  eden space 262144K, 0% used [0x00000000eab00000,0x00000000eab00000,0x00000000fab00000)
  from space 43520K, 48% used [0x00000000fd580000,0x00000000fe9f55d8,0x0000000100000000)
  to   space 43520K, 0% used [0x00000000fab00000,0x00000000fab00000,0x00000000fd580000)
 ParOldGen       total 699392K, used 24520K [0x00000000c0000000, 0x00000000eab00000, 0x00000000eab00000)
  object space 699392K, 3% used [0x00000000c0000000,0x00000000c17f2080,0x00000000eab00000)
 Metaspace       used 56081K, capacity 60029K, committed 60080K, reserved 1101824K
  class space    used 7355K, capacity 7672K, committed 7680K, reserved 1048576K
}
Event: 2.361 GC heap before
{Heap before GC invocations=7 (full 3):
 PSYoungGen      total 305664K, used 20949K [0x00000000eab00000, 0x0000000100000000, 0x0000000100000000)
  eden space 262144K, 0% used [0x00000000eab00000,0x00000000eab00000,0x00000000fab00000)
  from space 43520K, 48% used [0x00000000fd580000,0x00000000fe9f55d8,0x0000000100000000)
  to   space 43520K, 0% used [0x00000000fab00000,0x00000000fab00000,0x00000000fd580000)
 ParOldGen       total 699392K, used 24520K [0x00000000c0000000, 0x00000000eab00000, 0x00000000eab00000)
  object space 699392K, 3% used [0x00000000c0000000,0x00000000c17f2080,0x00000000eab00000)
 Metaspace       used 56081K, capacity 60029K, committed 60080K, reserved 1101824K
  class space    used 7355K, capacity 7672K, committed 7680K, reserved 1048576K
Event: 2.464 GC heap after
Heap after GC invocations=7 (full 3):
 PSYoungGen      total 305664K, used 0K [0x00000000eab00000, 0x0000000100000000, 0x0000000100000000)
  eden space 262144K, 0% used [0x00000000eab00000,0x00000000eab00000,0x00000000fab00000)
  from space 43520K, 0% used [0x00000000fd580000,0x00000000fd580000,0x0000000100000000)
  to   space 43520K, 0% used [0x00000000fab00000,0x00000000fab00000,0x00000000fd580000)
 ParOldGen       total 699392K, used 36306K [0x00000000c0000000, 0x00000000eab00000, 0x00000000eab00000)
  object space 699392K, 5% used [0x00000000c0000000,0x00000000c2374968,0x00000000eab00000)
 Metaspace       used 56060K, capacity 59987K, committed 60080K, reserved 1101824K
  class space    used 7348K, capacity 7665K, committed 7680K, reserved 1048576K
}
Event: 3.510 GC heap before
{Heap before GC invocations=8 (full 3):
 PSYoungGen      total 305664K, used 262144K [0x00000000eab00000, 0x0000000100000000, 0x0000000100000000)
  eden space 262144K, 100% used [0x00000000eab00000,0x00000000fab00000,0x00000000fab00000)
  from space 43520K, 0% used [0x00000000fd580000,0x00000000fd580000,0x0000000100000000)
  to   space 43520K, 0% used [0x00000000fab00000,0x00000000fab00000,0x00000000fd580000)
 ParOldGen       total 699392K, used 36306K [0x00000000c0000000, 0x00000000eab00000, 0x00000000eab00000)
  object space 699392K, 5% used [0x00000000c0000000,0x00000000c2374968,0x00000000eab00000)
 Metaspace       used 70680K, capacity 80106K, committed 80256K, reserved 1118208K
  class space    used 10011K, capacity 10500K, committed 10624K, reserved 1048576K

